Exporter version: 2.91-alpha, Blender version: 2.92.0
========= Conversion from Blender to Babylon.js =========
	Scene settings used :
		Inline textures     :  false
		Material Type       :  PBR
		Positions Precision :  4
		Normals Precision   :  3
		UVs Precision       :  3
		Vert Color Precision:  3
		Mat Weight Precision:  2
		Keep Z-up r-handed  :  no
		Texture directory   :  C:\Users\fadib\Documents\GitHub\BabylonJS-Platformer-Game-Prototype\client\public\assets\scenes\
	Python World class constructor completed
	WARNING: No active camera has been assigned, or is not in a currently selected Blender layer
	processing begun of mesh:  ColliderCube
		processing begun of material:  Material
		num positions      :  30
		num normals        :  30
		num tangents       :  0
		num uvs            :  60
		num uvs2           :  0
		num colors         :  0
		num triangles      :  12
	processing begun of mesh:  ColliderGround
		WARNING: No materials have been assigned: 
		num positions      :  4
		num normals        :  4
		num tangents       :  0
		num uvs            :  8
		num uvs2           :  0
		num colors         :  0
		num triangles      :  2
	processing begun of mesh:  Goal
		WARNING: No materials have been assigned: 
		num positions      :  2592
		num normals        :  2592
		num tangents       :  0
		num uvs            :  5184
		num uvs2           :  0
		num colors         :  0
		num triangles      :  960
	processing begun of mesh:  ColliderCube.001
		processing begun of material:  Material.001
		num positions      :  30
		num normals        :  30
		num tangents       :  0
		num uvs            :  60
		num uvs2           :  0
		num colors         :  0
		num triangles      :  12
	processing begun of mesh:  Spawn
		WARNING: No materials have been assigned: 
		num positions      :  309
		num normals        :  309
		num tangents       :  0
		num uvs            :  618
		num uvs2           :  0
		num colors         :  0
		num triangles      :  124
	processing begun of mesh:  LookAt
		WARNING: No materials have been assigned: 
		num positions      :  29
		num normals        :  29
		num tangents       :  0
		num uvs            :  58
		num uvs2           :  0
		num colors         :  0
		num triangles      :  12
========= Writing of JSON file started =========
	writing mesh:  ColliderCube
	writing mesh:  ColliderGround
	writing mesh:  Goal
	writing mesh:  ColliderCube.001
	writing mesh:  Spawn
	writing mesh:  LookAt
========= Writing of JSON file completed =========
========= end of processing =========
elapsed time:  0 min, 0.1845 secs
